# JRE version: Java(TM) SE Runtime Environment (8.0_161-b12) (build 1.8.0_161-b12)
# Java VM: Java HotSpot(TM) 64-Bit Server VM (25.161-b12 mixed mode windows-amd64 compressed oops)
Heap:
 PSYoungGen      total 227840K, used 60192K [0x00000000eab00000, 0x0000000100000000, 0x0000000100000000)
  eden space 146432K, 0% used [0x00000000eab00000,0x00000000eab00000,0x00000000f3a00000)
  from space 81408K, 73% used [0x00000000fb080000,0x00000000feb483b0,0x0000000100000000)
  to   space 101376K, 0% used [0x00000000f3a00000,0x00000000f3a00000,0x00000000f9d00000)
 ParOldGen       total 289280K, used 261515K [0x00000000c0000000, 0x00000000d1a80000, 0x00000000eab00000)
  object space 289280K, 90% used [0x00000000c0000000,0x00000000cff62df0,0x00000000d1a80000)
 Metaspace       used 6771K, capacity 7320K, committed 7680K, reserved 1056768K
  class space    used 643K, capacity 656K, committed 768K, reserved 1048576K
GC Heap History (10 events):
Event: 57.949 GC heap after
Heap after GC invocations=14 (full 2):
 PSYoungGen      total 258560K, used 28496K [0x00000000eab00000, 0x0000000100000000, 0x0000000100000000)
  eden space 194560K, 0% used [0x00000000eab00000,0x00000000eab00000,0x00000000f6900000)
  from space 64000K, 44% used [0x00000000fc180000,0x00000000fdd540d0,0x0000000100000000)
  to   space 77312K, 0% used [0x00000000f6900000,0x00000000f6900000,0x00000000fb480000)
 ParOldGen       total 289280K, used 168635K [0x00000000c0000000, 0x00000000d1a80000, 0x00000000eab00000)
  object space 289280K, 58% used [0x00000000c0000000,0x00000000ca4aee10,0x00000000d1a80000)
 Metaspace       used 6762K, capacity 7320K, committed 7680K, reserved 1056768K
  class space    used 643K, capacity 656K, committed 768K, reserved 1048576K
}
Event: 59.846 GC heap before
{Heap before GC invocations=15 (full 2):
 PSYoungGen      total 258560K, used 223056K [0x00000000eab00000, 0x0000000100000000, 0x0000000100000000)
  eden space 194560K, 100% used [0x00000000eab00000,0x00000000f6900000,0x00000000f6900000)
  from space 64000K, 44% used [0x00000000fc180000,0x00000000fdd540d0,0x0000000100000000)
  to   space 77312K, 0% used [0x00000000f6900000,0x00000000f6900000,0x00000000fb480000)
 ParOldGen       total 289280K, used 168635K [0x00000000c0000000, 0x00000000d1a80000, 0x00000000eab00000)
  object space 289280K, 58% used [0x00000000c0000000,0x00000000ca4aee10,0x00000000d1a80000)
 Metaspace       used 6763K, capacity 7320K, committed 7680K, reserved 1056768K
  class space    used 643K, capacity 656K, committed 768K, reserved 1048576K
Event: 60.765 GC heap after
Heap after GC invocations=15 (full 2):
 PSYoungGen      total 271872K, used 30424K [0x00000000eab00000, 0x0000000100000000, 0x0000000100000000)
  eden space 194560K, 0% used [0x00000000eab00000,0x00000000eab00000,0x00000000f6900000)
  from space 77312K, 39% used [0x00000000f6900000,0x00000000f86b6350,0x00000000fb480000)
  to   space 73216K, 0% used [0x00000000fb880000,0x00000000fb880000,0x0000000100000000)
 ParOldGen       total 289280K, used 195684K [0x00000000c0000000, 0x00000000d1a80000, 0x00000000eab00000)
  object space 289280K, 67% used [0x00000000c0000000,0x00000000cbf19088,0x00000000d1a80000)
 Metaspace       used 6763K, capacity 7320K, committed 7680K, reserved 1056768K
  class space    used 643K, capacity 656K, committed 768K, reserved 1048576K
}
Event: 62.020 GC heap before
{Heap before GC invocations=16 (full 2):
 PSYoungGen      total 271872K, used 224984K [0x00000000eab00000, 0x0000000100000000, 0x0000000100000000)
  eden space 194560K, 100% used [0x00000000eab00000,0x00000000f6900000,0x00000000f6900000)
  from space 77312K, 39% used [0x00000000f6900000,0x00000000f86b6350,0x00000000fb480000)
  to   space 73216K, 0% used [0x00000000fb880000,0x00000000fb880000,0x0000000100000000)
 ParOldGen       total 289280K, used 195684K [0x00000000c0000000, 0x00000000d1a80000, 0x00000000eab00000)
  object space 289280K, 67% used [0x00000000c0000000,0x00000000cbf19088,0x00000000d1a80000)
 Metaspace       used 6765K, capacity 7320K, committed 7680K, reserved 1056768K
  class space    used 643K, capacity 656K, committed 768K, reserved 1048576K
Event: 62.294 GC heap after
Heap after GC invocations=16 (full 2):
 PSYoungGen      total 259584K, used 64313K [0x00000000eab00000, 0x0000000100000000, 0x0000000100000000)
  eden space 186368K, 0% used [0x00000000eab00000,0x00000000eab00000,0x00000000f6100000)
  from space 73216K, 87% used [0x00000000fb880000,0x00000000ff74e6b8,0x0000000100000000)
  to   space 81408K, 0% used [0x00000000f6100000,0x00000000f6100000,0x00000000fb080000)
 ParOldGen       total 289280K, used 195684K [0x00000000c0000000, 0x00000000d1a80000, 0x00000000eab00000)
  object space 289280K, 67% used [0x00000000c0000000,0x00000000cbf19088,0x00000000d1a80000)
 Metaspace       used 6765K, capacity 7320K, committed 7680K, reserved 1056768K
  class space    used 643K, capacity 656K, committed 768K, reserved 1048576K
}
Event: 63.369 GC heap before
{Heap before GC invocations=17 (full 2):
 PSYoungGen      total 259584K, used 250681K [0x00000000eab00000, 0x0000000100000000, 0x0000000100000000)
  eden space 186368K, 100% used [0x00000000eab00000,0x00000000f6100000,0x00000000f6100000)
  from space 73216K, 87% used [0x00000000fb880000,0x00000000ff74e6b8,0x0000000100000000)
  to   space 81408K, 0% used [0x00000000f6100000,0x00000000f6100000,0x00000000fb080000)
 ParOldGen       total 289280K, used 195684K [0x00000000c0000000, 0x00000000d1a80000, 0x00000000eab00000)
  object space 289280K, 67% used [0x00000000c0000000,0x00000000cbf19088,0x00000000d1a80000)
 Metaspace       used 6766K, capacity 7320K, committed 7680K, reserved 1056768K
  class space    used 643K, capacity 656K, committed 768K, reserved 1048576K
Event: 63.745 GC heap after
Heap after GC invocations=17 (full 2):
 PSYoungGen      total 267776K, used 81399K [0x00000000eab00000, 0x0000000100000000, 0x0000000100000000)
  eden space 186368K, 0% used [0x00000000eab00000,0x00000000eab00000,0x00000000f6100000)
  from space 81408K, 99% used [0x00000000f6100000,0x00000000fb07de28,0x00000000fb080000)
  to   space 81408K, 0% used [0x00000000fb080000,0x00000000fb080000,0x0000000100000000)
 ParOldGen       total 289280K, used 208491K [0x00000000c0000000, 0x00000000d1a80000, 0x00000000eab00000)
  object space 289280K, 72% used [0x00000000c0000000,0x00000000ccb9ad68,0x00000000d1a80000)
 Metaspace       used 6766K, capacity 7320K, committed 7680K, reserved 1056768K
  class space    used 643K, capacity 656K, committed 768K, reserved 1048576K
}
Event: 64.505 GC heap before
{Heap before GC invocations=18 (full 2):
 PSYoungGen      total 267776K, used 267767K [0x00000000eab00000, 0x0000000100000000, 0x0000000100000000)
  eden space 186368K, 100% used [0x00000000eab00000,0x00000000f6100000,0x00000000f6100000)
  from space 81408K, 99% used [0x00000000f6100000,0x00000000fb07de28,0x00000000fb080000)
  to   space 81408K, 0% used [0x00000000fb080000,0x00000000fb080000,0x0000000100000000)
 ParOldGen       total 289280K, used 208491K [0x00000000c0000000, 0x00000000d1a80000, 0x00000000eab00000)
  object space 289280K, 72% used [0x00000000c0000000,0x00000000ccb9ad68,0x00000000d1a80000)
 Metaspace       used 6771K, capacity 7320K, committed 7680K, reserved 1056768K
  class space    used 643K, capacity 656K, committed 768K, reserved 1048576K
Event: 65.102 GC heap after
Heap after GC invocations=18 (full 2):
 PSYoungGen      total 227840K, used 60192K [0x00000000eab00000, 0x0000000100000000, 0x0000000100000000)
  eden space 146432K, 0% used [0x00000000eab00000,0x00000000eab00000,0x00000000f3a00000)
  from space 81408K, 73% used [0x00000000fb080000,0x00000000feb483b0,0x0000000100000000)
  to   space 101376K, 0% used [0x00000000f3a00000,0x00000000f3a00000,0x00000000f9d00000)
 ParOldGen       total 289280K, used 261515K [0x00000000c0000000, 0x00000000d1a80000, 0x00000000eab00000)
  object space 289280K, 90% used [0x00000000c0000000,0x00000000cff62df0,0x00000000d1a80000)
 Metaspace       used 6771K, capacity 7320K, committed 7680K, reserved 1056768K
  class space    used 643K, capacity 656K, committed 768K, reserved 1048576K
}
Event: 65.102 GC heap before
{Heap before GC invocations=19 (full 3):
 PSYoungGen      total 227840K, used 60192K [0x00000000eab00000, 0x0000000100000000, 0x0000000100000000)
  eden space 146432K, 0% used [0x00000000eab00000,0x00000000eab00000,0x00000000f3a00000)
  from space 81408K, 73% used [0x00000000fb080000,0x00000000feb483b0,0x0000000100000000)
  to   space 101376K, 0% used [0x00000000f3a00000,0x00000000f3a00000,0x00000000f9d00000)
 ParOldGen       total 289280K, used 261515K [0x00000000c0000000, 0x00000000d1a80000, 0x00000000eab00000)
  object space 289280K, 90% used [0x00000000c0000000,0x00000000cff62df0,0x00000000d1a80000)
 Metaspace       used 6771K, capacity 7320K, committed 7680K, reserved 1056768K
  class space    used 643K, capacity 656K, committed 768K, reserved 1048576K

